{"/home/linuxlite/Desktop/vue-chat/src/fb.js": {"path":"/home/linuxlite/Desktop/vue-chat/src/fb.js","statementMap":{"0":{"start":{"line":3,"column":23},"end":{"line":11,"column":1}},"1":{"start":{"line":13,"column":0},"end":{"line":13,"column":29}},"2":{"start":{"line":15,"column":17},"end":{"line":15,"column":55}},"3":{"start":{"line":17,"column":11},"end":{"line":17,"column":31}}},"fnMap":{},"branchMap":{},"s":{"0":1,"1":1,"2":1,"3":1},"f":{},"b":{},"_coverageSchema":"43e27e138ebf9cfc5966b082cf9a028302ed4184","hash":"4cc9495099dda0f20e3e30f5642f2e76d4e6c5e2"}
,"/home/linuxlite/Desktop/vue-chat/src/assets/logo.svg": {"path":"/home/linuxlite/Desktop/vue-chat/src/assets/logo.svg","statementMap":{"0":{"start":{"line":1,"column":0},"end":{"line":1,"column":19}}},"fnMap":{},"branchMap":{},"s":{"0":1},"f":{},"b":{},"_coverageSchema":"43e27e138ebf9cfc5966b082cf9a028302ed4184","hash":"edaaf353d82497d3f65171934458cd059fb2075a"}
,"/home/linuxlite/Desktop/vue-chat/src/components/LoginForm.vue": {"path":"/home/linuxlite/Desktop/vue-chat/src/components/LoginForm.vue","statementMap":{"0":{"start":{"line":56,"column":0},"end":{"line":56,"column":null}},"1":{"start":{"line":60,"column":0},"end":{"line":60,"column":null}},"2":{"start":{"line":63,"column":0},"end":{"line":63,"column":null}},"3":{"start":{"line":68,"column":0},"end":{"line":68,"column":null}},"4":{"start":{"line":79,"column":0},"end":{"line":79,"column":null}},"5":{"start":{"line":80,"column":0},"end":{"line":80,"column":null}},"6":{"start":{"line":83,"column":0},"end":{"line":98,"column":null}},"7":{"start":{"line":85,"column":0},"end":{"line":97,"column":null}},"8":{"start":{"line":88,"column":0},"end":{"line":88,"column":null}},"9":{"start":{"line":89,"column":0},"end":{"line":89,"column":null}},"10":{"start":{"line":90,"column":0},"end":{"line":90,"column":null}},"11":{"start":{"line":91,"column":0},"end":{"line":91,"column":null}},"12":{"start":{"line":95,"column":0},"end":{"line":95,"column":null}},"13":{"start":{"line":96,"column":0},"end":{"line":96,"column":null}}},"fnMap":{"0":{"name":"(anonymous_1)","decl":{"start":{"line":60,"column":0},"end":{"line":60,"column":null}},"loc":{"start":{"line":60,"column":0},"end":{"line":60,"column":null}}},"1":{"name":"(anonymous_2)","decl":{"start":{"line":63,"column":0},"end":{"line":63,"column":null}},"loc":{"start":{"line":63,"column":0},"end":{"line":63,"column":null}}},"2":{"name":"(anonymous_4)","decl":{"start":{"line":68,"column":0},"end":{"line":68,"column":null}},"loc":{"start":{"line":68,"column":0},"end":{"line":68,"column":null}}},"3":{"name":"(anonymous_6)","decl":{"start":{"line":78,"column":0},"end":{"line":78,"column":null}},"loc":{"start":{"line":78,"column":0},"end":{"line":99,"column":null}}},"4":{"name":"(anonymous_7)","decl":{"start":{"line":85,"column":0},"end":{"line":85,"column":null}},"loc":{"start":{"line":85,"column":0},"end":{"line":93,"column":null}}},"5":{"name":"(anonymous_8)","decl":{"start":{"line":93,"column":0},"end":{"line":93,"column":null}},"loc":{"start":{"line":93,"column":0},"end":{"line":97,"column":null}}}},"branchMap":{"0":{"loc":{"start":{"line":63,"column":0},"end":{"line":63,"column":null}},"type":"binary-expr","locations":[{"start":{"line":63,"column":0},"end":{"line":63,"column":null}},{"start":{"line":63,"column":0},"end":{"line":63,"column":null}}]},"1":{"loc":{"start":{"line":68,"column":0},"end":{"line":68,"column":null}},"type":"binary-expr","locations":[{"start":{"line":68,"column":0},"end":{"line":68,"column":null}},{"start":{"line":68,"column":0},"end":{"line":68,"column":null}}]},"2":{"loc":{"start":{"line":68,"column":0},"end":{"line":68,"column":null}},"type":"binary-expr","locations":[{"start":{"line":68,"column":0},"end":{"line":68,"column":null}},{"start":{"line":68,"column":0},"end":{"line":68,"column":null}},{"start":{"line":68,"column":0},"end":{"line":68,"column":null}}]},"3":{"loc":{"start":{"line":83,"column":0},"end":{"line":98,"column":null}},"type":"if","locations":[{"start":{"line":83,"column":0},"end":{"line":98,"column":null}},{"start":{"line":83,"column":0},"end":{"line":98,"column":null}}]}},"s":{"0":1,"1":0,"2":0,"3":0,"4":0,"5":0,"6":0,"7":0,"8":0,"9":0,"10":0,"11":0,"12":0,"13":0},"f":{"0":0,"1":0,"2":0,"3":0,"4":0,"5":0},"b":{"0":[0,0],"1":[0,0],"2":[0,0,0],"3":[0,0]}}
,"/home/linuxlite/Desktop/vue-chat/src/components/RegisterForm.vue": {"path":"/home/linuxlite/Desktop/vue-chat/src/components/RegisterForm.vue","statementMap":{"0":{"start":{"line":69,"column":0},"end":{"line":69,"column":null}},"1":{"start":{"line":76,"column":0},"end":{"line":76,"column":null}},"2":{"start":{"line":79,"column":0},"end":{"line":79,"column":null}},"3":{"start":{"line":84,"column":0},"end":{"line":84,"column":null}},"4":{"start":{"line":89,"column":0},"end":{"line":89,"column":null}},"5":{"start":{"line":104,"column":0},"end":{"line":104,"column":null}},"6":{"start":{"line":105,"column":0},"end":{"line":147,"column":null}},"7":{"start":{"line":108,"column":0},"end":{"line":108,"column":null}},"8":{"start":{"line":112,"column":0},"end":{"line":145,"column":null}},"9":{"start":{"line":118,"column":0},"end":{"line":118,"column":null}},"10":{"start":{"line":121,"column":0},"end":{"line":121,"column":null}},"11":{"start":{"line":123,"column":0},"end":{"line":123,"column":null}},"12":{"start":{"line":133,"column":0},"end":{"line":133,"column":null}},"13":{"start":{"line":134,"column":0},"end":{"line":134,"column":null}},"14":{"start":{"line":137,"column":0},"end":{"line":137,"column":null}},"15":{"start":{"line":138,"column":0},"end":{"line":143,"column":null}},"16":{"start":{"line":139,"column":0},"end":{"line":139,"column":null}},"17":{"start":{"line":140,"column":0},"end":{"line":143,"column":null}},"18":{"start":{"line":141,"column":0},"end":{"line":141,"column":null}},"19":{"start":{"line":142,"column":0},"end":{"line":142,"column":null}},"20":{"start":{"line":144,"column":0},"end":{"line":144,"column":null}}},"fnMap":{"0":{"name":"(anonymous_1)","decl":{"start":{"line":76,"column":0},"end":{"line":76,"column":null}},"loc":{"start":{"line":76,"column":0},"end":{"line":76,"column":null}}},"1":{"name":"(anonymous_2)","decl":{"start":{"line":79,"column":0},"end":{"line":79,"column":null}},"loc":{"start":{"line":79,"column":0},"end":{"line":79,"column":null}}},"2":{"name":"(anonymous_4)","decl":{"start":{"line":84,"column":0},"end":{"line":84,"column":null}},"loc":{"start":{"line":84,"column":0},"end":{"line":84,"column":null}}},"3":{"name":"(anonymous_6)","decl":{"start":{"line":89,"column":0},"end":{"line":89,"column":null}},"loc":{"start":{"line":89,"column":0},"end":{"line":89,"column":null}}},"4":{"name":"(anonymous_8)","decl":{"start":{"line":103,"column":0},"end":{"line":103,"column":null}},"loc":{"start":{"line":103,"column":0},"end":{"line":148,"column":null}}},"5":{"name":"(anonymous_9)","decl":{"start":{"line":112,"column":0},"end":{"line":112,"column":null}},"loc":{"start":{"line":112,"column":0},"end":{"line":135,"column":null}}},"6":{"name":"(anonymous_10)","decl":{"start":{"line":135,"column":0},"end":{"line":135,"column":null}},"loc":{"start":{"line":135,"column":0},"end":{"line":145,"column":null}}}},"branchMap":{"0":{"loc":{"start":{"line":79,"column":0},"end":{"line":79,"column":null}},"type":"binary-expr","locations":[{"start":{"line":79,"column":0},"end":{"line":79,"column":null}},{"start":{"line":79,"column":0},"end":{"line":79,"column":null}}]},"1":{"loc":{"start":{"line":79,"column":0},"end":{"line":79,"column":null}},"type":"binary-expr","locations":[{"start":{"line":79,"column":0},"end":{"line":79,"column":null}},{"start":{"line":79,"column":0},"end":{"line":79,"column":null}},{"start":{"line":79,"column":0},"end":{"line":79,"column":null}}]},"2":{"loc":{"start":{"line":84,"column":0},"end":{"line":84,"column":null}},"type":"binary-expr","locations":[{"start":{"line":84,"column":0},"end":{"line":84,"column":null}},{"start":{"line":84,"column":0},"end":{"line":84,"column":null}}]},"3":{"loc":{"start":{"line":89,"column":0},"end":{"line":89,"column":null}},"type":"binary-expr","locations":[{"start":{"line":89,"column":0},"end":{"line":89,"column":null}},{"start":{"line":89,"column":0},"end":{"line":89,"column":null}}]},"4":{"loc":{"start":{"line":89,"column":0},"end":{"line":89,"column":null}},"type":"binary-expr","locations":[{"start":{"line":89,"column":0},"end":{"line":89,"column":null}},{"start":{"line":89,"column":0},"end":{"line":89,"column":null}},{"start":{"line":89,"column":0},"end":{"line":89,"column":null}}]},"5":{"loc":{"start":{"line":105,"column":0},"end":{"line":147,"column":null}},"type":"if","locations":[{"start":{"line":105,"column":0},"end":{"line":147,"column":null}},{"start":{"line":105,"column":0},"end":{"line":147,"column":null}}]},"6":{"loc":{"start":{"line":138,"column":0},"end":{"line":143,"column":null}},"type":"if","locations":[{"start":{"line":138,"column":0},"end":{"line":143,"column":null}},{"start":{"line":138,"column":0},"end":{"line":143,"column":null}}]},"7":{"loc":{"start":{"line":140,"column":0},"end":{"line":143,"column":null}},"type":"if","locations":[{"start":{"line":140,"column":0},"end":{"line":143,"column":null}},{"start":{"line":140,"column":0},"end":{"line":143,"column":null}}]}},"s":{"0":1,"1":0,"2":0,"3":0,"4":0,"5":0,"6":0,"7":0,"8":0,"9":0,"10":0,"11":0,"12":0,"13":0,"14":0,"15":0,"16":0,"17":0,"18":0,"19":0,"20":0},"f":{"0":0,"1":0,"2":0,"3":0,"4":0,"5":0,"6":0},"b":{"0":[0,0],"1":[0,0,0],"2":[0,0],"3":[0,0],"4":[0,0,0],"5":[0,0],"6":[0,0],"7":[0,0]}}
,"/home/linuxlite/Desktop/vue-chat/src/components/Tabs.vue": {"path":"/home/linuxlite/Desktop/vue-chat/src/components/Tabs.vue","statementMap":{"0":{"start":{"line":60,"column":0},"end":{"line":60,"column":null}},"1":{"start":{"line":61,"column":0},"end":{"line":61,"column":null}},"2":{"start":{"line":69,"column":0},"end":{"line":69,"column":null}}},"fnMap":{"0":{"name":"(anonymous_1)","decl":{"start":{"line":68,"column":0},"end":{"line":68,"column":null}},"loc":{"start":{"line":68,"column":0},"end":{"line":72,"column":null}}}},"branchMap":{},"s":{"0":1,"1":1,"2":1},"f":{"0":1},"b":{}}
,"/home/linuxlite/Desktop/vue-chat/src/components/VuetifyLogo.vue": {"path":"/home/linuxlite/Desktop/vue-chat/src/components/VuetifyLogo.vue","statementMap":{"0":{"start":{"line":14,"column":0},"end":{"line":14,"column":null}}},"fnMap":{"0":{"name":"(anonymous_1)","decl":{"start":{"line":13,"column":0},"end":{"line":13,"column":null}},"loc":{"start":{"line":13,"column":0},"end":{"line":15,"column":null}}}},"branchMap":{},"s":{"0":1},"f":{"0":1},"b":{}}
}
