TN:
SF:/home/linuxlite/Desktop/vue-chat/src/fb.js
FNF:0
FNH:0
DA:3,1
DA:13,1
DA:15,1
DA:17,1
LF:4
LH:4
BRF:0
BRH:0
end_of_record
TN:
SF:/home/linuxlite/Desktop/vue-chat/src/assets/logo.svg
FNF:0
FNH:0
DA:1,1
LF:1
LH:1
BRF:0
BRH:0
end_of_record
TN:
SF:/home/linuxlite/Desktop/vue-chat/src/components/LoginForm.vue
FN:60,(anonymous_1)
FN:63,(anonymous_2)
FN:68,(anonymous_4)
FN:78,(anonymous_6)
FN:85,(anonymous_7)
FN:93,(anonymous_8)
FNF:6
FNH:0
FNDA:0,(anonymous_1)
FNDA:0,(anonymous_2)
FNDA:0,(anonymous_4)
FNDA:0,(anonymous_6)
FNDA:0,(anonymous_7)
FNDA:0,(anonymous_8)
DA:56,1
DA:60,0
DA:63,0
DA:68,0
DA:79,0
DA:80,0
DA:83,0
DA:85,0
DA:88,0
DA:89,0
DA:90,0
DA:91,0
DA:95,0
DA:96,0
LF:14
LH:1
BRDA:63,0,0,0
BRDA:63,0,1,0
BRDA:68,1,0,0
BRDA:68,1,1,0
BRDA:68,2,0,0
BRDA:68,2,1,0
BRDA:68,2,2,0
BRDA:83,3,0,0
BRDA:83,3,1,0
BRF:9
BRH:0
end_of_record
TN:
SF:/home/linuxlite/Desktop/vue-chat/src/components/RegisterForm.vue
FN:76,(anonymous_1)
FN:79,(anonymous_2)
FN:84,(anonymous_4)
FN:89,(anonymous_6)
FN:103,(anonymous_8)
FN:112,(anonymous_9)
FN:135,(anonymous_10)
FNF:7
FNH:0
FNDA:0,(anonymous_1)
FNDA:0,(anonymous_2)
FNDA:0,(anonymous_4)
FNDA:0,(anonymous_6)
FNDA:0,(anonymous_8)
FNDA:0,(anonymous_9)
FNDA:0,(anonymous_10)
DA:69,1
DA:76,0
DA:79,0
DA:84,0
DA:89,0
DA:104,0
DA:105,0
DA:108,0
DA:112,0
DA:118,0
DA:121,0
DA:123,0
DA:133,0
DA:134,0
DA:137,0
DA:138,0
DA:139,0
DA:140,0
DA:141,0
DA:142,0
DA:144,0
LF:21
LH:1
BRDA:79,0,0,0
BRDA:79,0,1,0
BRDA:79,1,0,0
BRDA:79,1,1,0
BRDA:79,1,2,0
BRDA:84,2,0,0
BRDA:84,2,1,0
BRDA:89,3,0,0
BRDA:89,3,1,0
BRDA:89,4,0,0
BRDA:89,4,1,0
BRDA:89,4,2,0
BRDA:105,5,0,0
BRDA:105,5,1,0
BRDA:138,6,0,0
BRDA:138,6,1,0
BRDA:140,7,0,0
BRDA:140,7,1,0
BRF:18
BRH:0
end_of_record
TN:
SF:/home/linuxlite/Desktop/vue-chat/src/components/Tabs.vue
FN:68,(anonymous_1)
FNF:1
FNH:1
FNDA:1,(anonymous_1)
DA:60,1
DA:61,1
DA:69,1
LF:3
LH:3
BRF:0
BRH:0
end_of_record
TN:
SF:/home/linuxlite/Desktop/vue-chat/src/components/VuetifyLogo.vue
FN:13,(anonymous_1)
FNF:1
FNH:1
FNDA:1,(anonymous_1)
DA:14,1
LF:1
LH:1
BRF:0
BRH:0
end_of_record
